Determining if the pthread_create exist failed with the following output:
Change Dir: /home/paul/Yumi_WS/src/cmake-build-debug/CMakeFiles/CMakeTmp

Run Build Command(s):/usr/bin/make cmTC_fb494/fast 
/usr/bin/make -f CMakeFiles/cmTC_fb494.dir/build.make CMakeFiles/cmTC_fb494.dir/build
make[1]: Entering directory '/home/paul/Yumi_WS/src/cmake-build-debug/CMakeFiles/CMakeTmp'
Building C object CMakeFiles/cmTC_fb494.dir/CheckSymbolExists.c.o
/usr/bin/cc    -o CMakeFiles/cmTC_fb494.dir/CheckSymbolExists.c.o   -c /home/paul/Yumi_WS/src/cmake-build-debug/CMakeFiles/CMakeTmp/CheckSymbolExists.c
Linking C executable cmTC_fb494
/opt/clion-2019.1.4/bin/cmake/linux/bin/cmake -E cmake_link_script CMakeFiles/cmTC_fb494.dir/link.txt --verbose=1
/usr/bin/cc      -rdynamic CMakeFiles/cmTC_fb494.dir/CheckSymbolExists.c.o  -o cmTC_fb494 
CMakeFiles/cmTC_fb494.dir/CheckSymbolExists.c.o: In function `main':
CheckSymbolExists.c:(.text+0x16): undefined reference to `pthread_create'
collect2: error: ld returned 1 exit status
CMakeFiles/cmTC_fb494.dir/build.make:86: recipe for target 'cmTC_fb494' failed
make[1]: *** [cmTC_fb494] Error 1
make[1]: Leaving directory '/home/paul/Yumi_WS/src/cmake-build-debug/CMakeFiles/CMakeTmp'
Makefile:121: recipe for target 'cmTC_fb494/fast' failed
make: *** [cmTC_fb494/fast] Error 2

File /home/paul/Yumi_WS/src/cmake-build-debug/CMakeFiles/CMakeTmp/CheckSymbolExists.c:
/* */
#include <pthread.h>

int main(int argc, char** argv)
{
  (void)argv;
#ifndef pthread_create
  return ((int*)(&pthread_create))[argc];
#else
  (void)argc;
  return 0;
#endif
}

Determining if the function pthread_create exists in the pthreads failed with the following output:
Change Dir: /home/paul/Yumi_WS/src/cmake-build-debug/CMakeFiles/CMakeTmp

Run Build Command(s):/usr/bin/make cmTC_c1ad1/fast 
/usr/bin/make -f CMakeFiles/cmTC_c1ad1.dir/build.make CMakeFiles/cmTC_c1ad1.dir/build
make[1]: Entering directory '/home/paul/Yumi_WS/src/cmake-build-debug/CMakeFiles/CMakeTmp'
Building C object CMakeFiles/cmTC_c1ad1.dir/CheckFunctionExists.c.o
/usr/bin/cc   -DCHECK_FUNCTION_EXISTS=pthread_create   -o CMakeFiles/cmTC_c1ad1.dir/CheckFunctionExists.c.o   -c /opt/clion-2019.1.4/bin/cmake/linux/share/cmake-3.14/Modules/CheckFunctionExists.c
Linking C executable cmTC_c1ad1
/opt/clion-2019.1.4/bin/cmake/linux/bin/cmake -E cmake_link_script CMakeFiles/cmTC_c1ad1.dir/link.txt --verbose=1
/usr/bin/cc  -DCHECK_FUNCTION_EXISTS=pthread_create    -rdynamic CMakeFiles/cmTC_c1ad1.dir/CheckFunctionExists.c.o  -o cmTC_c1ad1 -lpthreads 
/usr/bin/ld: cannot find -lpthreads
collect2: error: ld returned 1 exit status
CMakeFiles/cmTC_c1ad1.dir/build.make:86: recipe for target 'cmTC_c1ad1' failed
make[1]: *** [cmTC_c1ad1] Error 1
make[1]: Leaving directory '/home/paul/Yumi_WS/src/cmake-build-debug/CMakeFiles/CMakeTmp'
Makefile:121: recipe for target 'cmTC_c1ad1/fast' failed
make: *** [cmTC_c1ad1/fast] Error 2


Determining if the Q_WS_WIN exist failed with the following output:
Change Dir: /home/paul/Yumi_WS/src/cmake-build-debug/CMakeFiles/CMakeTmp

Run Build Command(s):/usr/bin/make cmTC_eaa1b/fast 
/usr/bin/make -f CMakeFiles/cmTC_eaa1b.dir/build.make CMakeFiles/cmTC_eaa1b.dir/build
make[1]: Entering directory '/home/paul/Yumi_WS/src/cmake-build-debug/CMakeFiles/CMakeTmp'
Building CXX object CMakeFiles/cmTC_eaa1b.dir/CheckSymbolExists.cxx.o
/usr/bin/c++   -I/usr/include/qt4   -o CMakeFiles/cmTC_eaa1b.dir/CheckSymbolExists.cxx.o -c /home/paul/Yumi_WS/src/cmake-build-debug/CMakeFiles/CMakeTmp/CheckSymbolExists.cxx
/home/paul/Yumi_WS/src/cmake-build-debug/CMakeFiles/CMakeTmp/CheckSymbolExists.cxx: In function ‘int main(int, char**)’:
/home/paul/Yumi_WS/src/cmake-build-debug/CMakeFiles/CMakeTmp/CheckSymbolExists.cxx:8:19: error: ‘Q_WS_WIN’ was not declared in this scope
   return ((int*)(&Q_WS_WIN))[argc];
                   ^
CMakeFiles/cmTC_eaa1b.dir/build.make:65: recipe for target 'CMakeFiles/cmTC_eaa1b.dir/CheckSymbolExists.cxx.o' failed
make[1]: *** [CMakeFiles/cmTC_eaa1b.dir/CheckSymbolExists.cxx.o] Error 1
make[1]: Leaving directory '/home/paul/Yumi_WS/src/cmake-build-debug/CMakeFiles/CMakeTmp'
Makefile:121: recipe for target 'cmTC_eaa1b/fast' failed
make: *** [cmTC_eaa1b/fast] Error 2

File /home/paul/Yumi_WS/src/cmake-build-debug/CMakeFiles/CMakeTmp/CheckSymbolExists.cxx:
/* */
#include <QtCore/qglobal.h>

int main(int argc, char** argv)
{
  (void)argv;
#ifndef Q_WS_WIN
  return ((int*)(&Q_WS_WIN))[argc];
#else
  (void)argc;
  return 0;
#endif
}

Determining if the Q_WS_QWS exist failed with the following output:
Change Dir: /home/paul/Yumi_WS/src/cmake-build-debug/CMakeFiles/CMakeTmp

Run Build Command(s):/usr/bin/make cmTC_1a104/fast 
/usr/bin/make -f CMakeFiles/cmTC_1a104.dir/build.make CMakeFiles/cmTC_1a104.dir/build
make[1]: Entering directory '/home/paul/Yumi_WS/src/cmake-build-debug/CMakeFiles/CMakeTmp'
Building CXX object CMakeFiles/cmTC_1a104.dir/CheckSymbolExists.cxx.o
/usr/bin/c++   -I/usr/include/qt4   -o CMakeFiles/cmTC_1a104.dir/CheckSymbolExists.cxx.o -c /home/paul/Yumi_WS/src/cmake-build-debug/CMakeFiles/CMakeTmp/CheckSymbolExists.cxx
/home/paul/Yumi_WS/src/cmake-build-debug/CMakeFiles/CMakeTmp/CheckSymbolExists.cxx: In function ‘int main(int, char**)’:
/home/paul/Yumi_WS/src/cmake-build-debug/CMakeFiles/CMakeTmp/CheckSymbolExists.cxx:8:19: error: ‘Q_WS_QWS’ was not declared in this scope
   return ((int*)(&Q_WS_QWS))[argc];
                   ^
CMakeFiles/cmTC_1a104.dir/build.make:65: recipe for target 'CMakeFiles/cmTC_1a104.dir/CheckSymbolExists.cxx.o' failed
make[1]: *** [CMakeFiles/cmTC_1a104.dir/CheckSymbolExists.cxx.o] Error 1
make[1]: Leaving directory '/home/paul/Yumi_WS/src/cmake-build-debug/CMakeFiles/CMakeTmp'
Makefile:121: recipe for target 'cmTC_1a104/fast' failed
make: *** [cmTC_1a104/fast] Error 2

File /home/paul/Yumi_WS/src/cmake-build-debug/CMakeFiles/CMakeTmp/CheckSymbolExists.cxx:
/* */
#include <QtCore/qglobal.h>

int main(int argc, char** argv)
{
  (void)argv;
#ifndef Q_WS_QWS
  return ((int*)(&Q_WS_QWS))[argc];
#else
  (void)argc;
  return 0;
#endif
}

Determining if the Q_WS_MAC exist failed with the following output:
Change Dir: /home/paul/Yumi_WS/src/cmake-build-debug/CMakeFiles/CMakeTmp

Run Build Command(s):/usr/bin/make cmTC_2d8af/fast 
/usr/bin/make -f CMakeFiles/cmTC_2d8af.dir/build.make CMakeFiles/cmTC_2d8af.dir/build
make[1]: Entering directory '/home/paul/Yumi_WS/src/cmake-build-debug/CMakeFiles/CMakeTmp'
Building CXX object CMakeFiles/cmTC_2d8af.dir/CheckSymbolExists.cxx.o
/usr/bin/c++   -I/usr/include/qt4   -o CMakeFiles/cmTC_2d8af.dir/CheckSymbolExists.cxx.o -c /home/paul/Yumi_WS/src/cmake-build-debug/CMakeFiles/CMakeTmp/CheckSymbolExists.cxx
/home/paul/Yumi_WS/src/cmake-build-debug/CMakeFiles/CMakeTmp/CheckSymbolExists.cxx: In function ‘int main(int, char**)’:
/home/paul/Yumi_WS/src/cmake-build-debug/CMakeFiles/CMakeTmp/CheckSymbolExists.cxx:8:19: error: ‘Q_WS_MAC’ was not declared in this scope
   return ((int*)(&Q_WS_MAC))[argc];
                   ^
CMakeFiles/cmTC_2d8af.dir/build.make:65: recipe for target 'CMakeFiles/cmTC_2d8af.dir/CheckSymbolExists.cxx.o' failed
make[1]: *** [CMakeFiles/cmTC_2d8af.dir/CheckSymbolExists.cxx.o] Error 1
make[1]: Leaving directory '/home/paul/Yumi_WS/src/cmake-build-debug/CMakeFiles/CMakeTmp'
Makefile:121: recipe for target 'cmTC_2d8af/fast' failed
make: *** [cmTC_2d8af/fast] Error 2

File /home/paul/Yumi_WS/src/cmake-build-debug/CMakeFiles/CMakeTmp/CheckSymbolExists.cxx:
/* */
#include <QtCore/qglobal.h>

int main(int argc, char** argv)
{
  (void)argv;
#ifndef Q_WS_MAC
  return ((int*)(&Q_WS_MAC))[argc];
#else
  (void)argc;
  return 0;
#endif
}

